<?xml version="1.0" encoding="UTF-8"?>
<!-- Generated by org.testng.reporters.JUnitXMLReporter -->
<testsuite ignored="0" hostname="LAPTOP-8PAA0CNP" failures="0" tests="3" name="Default test" time="0.122" errors="0" timestamp="2021-05-24T10:05:36 IST">
  <testcase classname="TestNG.Demo2_Group_Sample" name="createTask" time="0.011"/>
  <testcase classname="TestNG.Demo2_Group_Sample" name="editTask" time="0.003"/>
  <testcase classname="TestNG.Demo2_Group_Sample" name="deleteTask" time="0.003"/>
</testsuite> <!-- Default test -->
