<?xml version="1.0" encoding="UTF-8"?>
<!-- Generated by org.testng.reporters.JUnitXMLReporter -->
<testsuite ignored="2" hostname="LAPTOP-8PAA0CNP" failures="0" tests="4" name="Test" time="0.127" errors="0" timestamp="2021-05-24T10:07:42 IST">
  <testcase classname="TestNG.Demo1_Group_Sample" name="editUser" time="0.01"/>
  <testcase classname="TestNG.Demo1_Group_Sample" name="deleteUser" time="0.003"/>
  <testcase classname="TestNG.Demo2_Group_Sample" name="editTask" time="0.002"/>
  <testcase classname="TestNG.Demo2_Group_Sample" name="deleteTask" time="0.002"/>
  <testcase classname="TestNG.Demo1_Group_Sample" name="createUser" time="0.0">
    <ignored/>
  </testcase> <!-- createUser -->
  <testcase classname="TestNG.Demo2_Group_Sample" name="createTask" time="0.0">
    <ignored/>
  </testcase> <!-- createTask -->
</testsuite> <!-- Test -->
